#
# An unexpected error has been detected by Java Runtime Environment:
#
#  EXCEPTION_ACCESS_VIOLATION (0xc0000005) at pc=0x6d0ec52d, pid=2628, tid=1256
#
# Java VM: Java HotSpot(TM) Client VM (1.6.0_03-b05 mixed mode)
# Problematic frame:
# C  [awt.dll+0x3c52d]
#
# If you would like to submit a bug report, please visit:
#   http://java.sun.com/webapps/bugreport/crash.jsp
#

---------------  T H R E A D  ---------------

Current thread (0x476a1800):  JavaThread "AWT-EventQueue-0" [_thread_in_native, id=1256]

siginfo: ExceptionCode=0xc0000005, writing address 0xe1f9dc1c

Registers:
EAX=0x029a936c, EBX=0x00000080, ECX=0x00000020, EDX=0xe1f9dc1c
ESP=0x47c2eeec, EBP=0x00000080, ESI=0x029a936c, EDI=0xe1f9dc1c
EIP=0x6d0ec52d, EFLAGS=0x00010202

Top of Stack: (sp=0x47c2eeec)
0x47c2eeec:   00000000 476a18ec e1f9dc1c 00000000
0x47c2eefc:   6d0b1d0c 00000080 00000100 00000020
0x47c2ef0c:   00000007 47c2f000 47c2ef84 6d227660
0x47c2ef1c:   47c2ef78 476a1800 42e8e5d8 47c2f0d8
0x47c2ef2c:   42e8e5d8 6d227660 4732ad18 00000000
0x47c2ef3c:   00000000 473287d0 00000000 00000000
0x47c2ef4c:   00000020 00000007 00000000 00000000
0x47c2ef5c:   00000020 00000007 00000000 00000000 

Instructions: (pc=0x6d0ec52d)
0x6d0ec51d:   00 00 00 8b 4c 24 14 8b e9 c1 e9 02 8b f0 8b fa
0x6d0ec52d:   f3 a5 8b cd 83 e1 03 f3 a4 8b 74 24 18 8b 4c 24 


Stack: [0x47be0000,0x47c30000),  sp=0x47c2eeec,  free space=315k
Native frames: (J=compiled Java code, j=interpreted, Vv=VM code, C=native code)
C  [awt.dll+0x3c52d]

[error occurred during error reporting, step 120, id 0xc0000005]

Java frames: (J=compiled Java code, j=interpreted, Vv=VM code)
j  sun.java2d.loops.Blit.Blit(Lsun/java2d/SurfaceData;Lsun/java2d/SurfaceData;Ljava/awt/Composite;Lsun/java2d/pipe/Region;IIIIII)V+0
j  sun.java2d.pipe.AlphaPaintPipe.renderPathTile(Ljava/lang/Object;[BIIIIII)V+367
j  sun.java2d.pipe.SpanShapeRenderer$Composite.renderBox(Ljava/lang/Object;IIII)V+15
j  sun.java2d.pipe.SpanShapeRenderer.renderRect(Lsun/java2d/SunGraphics2D;Ljava/awt/geom/Rectangle2D;)V+288
j  sun.java2d.pipe.SpanShapeRenderer.fill(Lsun/java2d/SunGraphics2D;Ljava/awt/Shape;)V+26
j  sun.java2d.pipe.PixelToShapeConverter.fillRect(Lsun/java2d/SunGraphics2D;IIII)V+18
j  sun.java2d.pipe.ValidatePipe.fillRect(Lsun/java2d/SunGraphics2D;IIII)V+19
j  sun.java2d.SunGraphics2D.fillRect(IIII)V+10
j  javax.swing.plaf.metal.MetalUtils$GradientPainter.drawVerticalGradient(Ljava/awt/Graphics2D;FFLjava/awt/Color;Ljava/awt/Color;Ljava/awt/Color;II)V+46
j  javax.swing.plaf.metal.MetalUtils$GradientPainter.paintToImage(Ljava/awt/Component;Ljava/awt/Image;Ljava/awt/Graphics;II[Ljava/lang/Object;)V+100
j  sun.swing.CachedPainter.paint0(Ljava/awt/Component;Ljava/awt/Graphics;IIII[Ljava/lang/Object;)V+169
j  sun.swing.CachedPainter.paint(Ljava/awt/Component;Ljava/awt/Graphics;IIII[Ljava/lang/Object;)V+42
j  javax.swing.plaf.metal.MetalUtils$GradientPainter.paint(Ljava/awt/Component;Ljava/awt/Graphics2D;Ljava/util/List;IIIIZ)V+71
j  javax.swing.plaf.metal.MetalUtils.drawGradient(Ljava/awt/Component;Ljava/awt/Graphics;Ljava/lang/String;IIIIZ)Z+54
j  javax.swing.plaf.metal.MetalButtonUI.update(Ljava/awt/Graphics;Ljavax/swing/JComponent;)V+77
j  javax.swing.JComponent.paintComponent(Ljava/awt/Graphics;)V+26
j  javax.swing.plaf.metal.MetalComboBoxButton.paintComponent(Ljava/awt/Graphics;)V+10
j  javax.swing.JComponent.paint(Ljava/awt/Graphics;)V+269
j  javax.swing.JComponent.paintToOffscreen(Ljava/awt/Graphics;IIIIII)V+41
j  javax.swing.RepaintManager$PaintManager.paintDoubleBuffered(Ljavax/swing/JComponent;Ljava/awt/Image;Ljava/awt/Graphics;IIII)V+105
j  javax.swing.RepaintManager$PaintManager.paint(Ljavax/swing/JComponent;Ljavax/swing/JComponent;Ljava/awt/Graphics;IIII)Z+116
j  javax.swing.BufferStrategyPaintManager.paint(Ljavax/swing/JComponent;Ljavax/swing/JComponent;Ljava/awt/Graphics;IIII)Z+224
j  javax.swing.RepaintManager.paint(Ljavax/swing/JComponent;Ljavax/swing/JComponent;Ljava/awt/Graphics;IIII)V+52
j  javax.swing.JComponent._paintImmediately(IIII)V+679
j  javax.swing.JComponent.paintImmediately(IIII)V+83
j  javax.swing.RepaintManager.paintDirtyRegions(Ljava/util/Map;)V+188
j  javax.swing.RepaintManager.paintDirtyRegions()V+46
j  javax.swing.RepaintManager.seqPaintDirtyRegions()V+73
j  javax.swing.SystemEventQueueUtilities$ComponentWorkRequest.run()V+36
j  java.awt.event.InvocationEvent.dispatch()V+47
j  java.awt.EventQueue.dispatchEvent(Ljava/awt/AWTEvent;)V+26
j  java.awt.EventDispatchThread.pumpOneEventForFilters(I)Z+156
j  java.awt.EventDispatchThread.pumpEventsForFilter(ILjava/awt/Conditional;Ljava/awt/EventFilter;)V+30
j  java.awt.EventDispatchThread.pumpEventsForHierarchy(ILjava/awt/Conditional;Ljava/awt/Component;)V+11
j  java.awt.EventDispatchThread.pumpEvents(ILjava/awt/Conditional;)V+4
j  java.awt.EventDispatchThread.pumpEvents(Ljava/awt/Conditional;)V+3
j  java.awt.EventDispatchThread.run()V+9
v  ~StubRoutines::call_stub

---------------  P R O C E S S  ---------------

Java Threads: ( => current thread )
  0x4741b400 JavaThread "RequestProcessor[0]" [_thread_blocked, id=1036]
  0x47728800 JavaThread "TimerQueue" daemon [_thread_blocked, id=3040]
  0x00297c00 JavaThread "DestroyJavaVM" [_thread_blocked, id=2776]
=>0x476a1800 JavaThread "AWT-EventQueue-0" [_thread_in_native, id=1256]
  0x47631400 JavaThread "AWT-Windows" daemon [_thread_in_native, id=3028]
  0x47612800 JavaThread "AWT-Shutdown" [_thread_blocked, id=3648]
  0x47641c00 JavaThread "Java2D Disposer" daemon [_thread_blocked, id=3200]
  0x46e74400 JavaThread "Low Memory Detector" daemon [_thread_blocked, id=248]
  0x46e72800 JavaThread "CompilerThread0" daemon [_thread_blocked, id=3628]
  0x46e67000 JavaThread "JDWP Command Reader" daemon [_thread_in_native, id=2976]
  0x46e65c00 JavaThread "JDWP Event Helper Thread" daemon [_thread_blocked, id=3840]
  0x46e63c00 JavaThread "JDWP Transport Listener: dt_socket" daemon [_thread_blocked, id=2056]
  0x46e58800 JavaThread "Attach Listener" daemon [_thread_blocked, id=2092]
  0x46e57c00 JavaThread "Signal Dispatcher" daemon [_thread_blocked, id=3460]
  0x46e48800 JavaThread "Finalizer" daemon [_thread_blocked, id=2216]
  0x46e44000 JavaThread "Reference Handler" daemon [_thread_blocked, id=1692]

Other Threads:
  0x46e41000 VMThread [id=2108]
  0x46e97000 WatcherThread [id=3704]

VM state:not at safepoint (normal execution)

VM Mutex/Monitor currently owned by a thread: None

Heap
 def new generation   total 960K, used 125K [0x02990000, 0x02a90000, 0x07850000)
  eden space 896K,  11% used [0x02990000, 0x029a9fb8, 0x02a70000)
  from space 64K,  34% used [0x02a70000, 0x02a75840, 0x02a80000)
  to   space 64K,   0% used [0x02a80000, 0x02a80000, 0x02a90000)
 tenured generation   total 9216K, used 7527K [0x07850000, 0x08150000, 0x42990000)
   the space 9216K,  81% used [0x07850000, 0x07fa9d18, 0x07fa9e00, 0x08150000)
 compacting perm gen  total 15872K, used 15677K [0x42990000, 0x43910000, 0x46990000)
   the space 15872K,  98% used [0x42990000, 0x438df590, 0x438df600, 0x43910000)
No shared spaces configured.

Dynamic libraries:
0x00400000 - 0x00423000 	C:\Program Files\Java\jdk1.6.0_03\bin\java.exe
0x7c900000 - 0x7c9b0000 	C:\WINDOWS\system32\ntdll.dll
0x7c800000 - 0x7c8f5000 	C:\WINDOWS\system32\kernel32.dll
0x77dd0000 - 0x77e6b000 	C:\WINDOWS\system32\ADVAPI32.dll
0x77e70000 - 0x77f02000 	C:\WINDOWS\system32\RPCRT4.dll
0x77fe0000 - 0x77ff1000 	C:\WINDOWS\system32\Secur32.dll
0x7c340000 - 0x7c396000 	C:\Program Files\Java\jdk1.6.0_03\jre\bin\msvcr71.dll
0x6d870000 - 0x6daba000 	C:\Program Files\Java\jdk1.6.0_03\jre\bin\client\jvm.dll
0x7e410000 - 0x7e4a0000 	C:\WINDOWS\system32\USER32.dll
0x77f10000 - 0x77f57000 	C:\WINDOWS\system32\GDI32.dll
0x76b40000 - 0x76b6d000 	C:\WINDOWS\system32\WINMM.dll
0x76390000 - 0x763ad000 	C:\WINDOWS\system32\IMM32.DLL
0x629c0000 - 0x629c9000 	C:\WINDOWS\system32\LPK.DLL
0x74d90000 - 0x74dfb000 	C:\WINDOWS\system32\USP10.dll
0x77c10000 - 0x77c68000 	C:\WINDOWS\system32\msvcrt.dll
0x6d3c0000 - 0x6d3c8000 	C:\Program Files\Java\jdk1.6.0_03\jre\bin\hpi.dll
0x76bf0000 - 0x76bfb000 	C:\WINDOWS\system32\PSAPI.DLL
0x6d4b0000 - 0x6d4d9000 	C:\Program Files\Java\jdk1.6.0_03\jre\bin\jdwp.dll
0x6d770000 - 0x6d776000 	C:\Program Files\Java\jdk1.6.0_03\jre\bin\npt.dll
0x6d820000 - 0x6d82c000 	C:\Program Files\Java\jdk1.6.0_03\jre\bin\verify.dll
0x6d460000 - 0x6d47f000 	C:\Program Files\Java\jdk1.6.0_03\jre\bin\java.dll
0x6d860000 - 0x6d86f000 	C:\Program Files\Java\jdk1.6.0_03\jre\bin\zip.dll
0x6d330000 - 0x6d337000 	C:\Program Files\Java\jdk1.6.0_03\jre\bin\dt_socket.dll
0x71ab0000 - 0x71ac7000 	C:\WINDOWS\system32\WS2_32.dll
0x71aa0000 - 0x71aa8000 	C:\WINDOWS\system32\WS2HELP.dll
0x71a50000 - 0x71a8f000 	C:\WINDOWS\System32\mswsock.dll
0x76f20000 - 0x76f47000 	C:\WINDOWS\system32\DNSAPI.dll
0x76fb0000 - 0x76fb8000 	C:\WINDOWS\System32\winrnr.dll
0x76f60000 - 0x76f8c000 	C:\WINDOWS\system32\WLDAP32.dll
0x76fc0000 - 0x76fc6000 	C:\WINDOWS\system32\rasadhlp.dll
0x662b0000 - 0x66308000 	C:\WINDOWS\system32\hnetcfg.dll
0x71a90000 - 0x71a98000 	C:\WINDOWS\System32\wshtcpip.dll
0x6d0b0000 - 0x6d273000 	C:\Program Files\Java\jdk1.6.0_03\jre\bin\awt.dll
0x73000000 - 0x73026000 	C:\WINDOWS\system32\WINSPOOL.DRV
0x774e0000 - 0x7761d000 	C:\WINDOWS\system32\ole32.dll
0x478f0000 - 0x47a57000 	N:\nbprojects\virbo\VirboAutoplot\dllcdf.dll
0x47a70000 - 0x47abd000 	N:\nbprojects\virbo\VirboAutoplot\cdfNativeLibrary.dll
0x73760000 - 0x737a9000 	C:\WINDOWS\system32\ddraw.dll
0x73bc0000 - 0x73bc6000 	C:\WINDOWS\system32\DCIMAN32.dll
0x755c0000 - 0x755ee000 	C:\WINDOWS\system32\msctfime.ime
0x7c9c0000 - 0x7d1d6000 	C:\WINDOWS\system32\shell32.dll
0x77f60000 - 0x77fd6000 	C:\WINDOWS\system32\SHLWAPI.dll
0x773d0000 - 0x774d3000 	C:\WINDOWS\WinSxS\x86_Microsoft.Windows.Common-Controls_6595b64144ccf1df_6.0.2600.2982_x-ww_ac3f9c03\comctl32.dll
0x5d090000 - 0x5d12a000 	C:\WINDOWS\system32\comctl32.dll
0x6d360000 - 0x6d3b3000 	C:\Program Files\Java\jdk1.6.0_03\jre\bin\fontmanager.dll
0x6d2d0000 - 0x6d2f3000 	C:\Program Files\Java\jdk1.6.0_03\jre\bin\dcpr.dll
0x6d620000 - 0x6d633000 	C:\Program Files\Java\jdk1.6.0_03\jre\bin\net.dll
0x6d640000 - 0x6d649000 	C:\Program Files\Java\jdk1.6.0_03\jre\bin\nio.dll

VM Arguments:
jvm_args: -Xdebug -Xrunjdwp:transport=dt_socket,address=localhost:4331 -Xms10m -Xmx1024m -DcdfLib1=dllcdf -DcdfLib2=cdfNativeLibrary -Dautoplot.default.bookmarks=http://autoplot.org/default.bookmarks.xml -Dautoplot.default.recent=http://autoplot.org/default.recent.xml -Djava.util.logging.config.file=logging.properties
java_command: org.virbo.autoplot.AutoPlotMatisse
Launcher Type: SUN_STANDARD

Environment Variables:
CLASSPATH=C:\Program Files\cdf31dist\CDFToolsDriver.jar;C:\Program Files\cdf31dist\lib\cdfjava.jar;C:\Program Files\cdf31dist\cdfml\cdfml.jar;.;C:\Program Files\Java\jre1.6.0_03\lib\ext\QTJava.zip
PATH=C:\WINDOWS\system32;C:\WINDOWS;C:\WINDOWS\System32\Wbem;C:\Program Files\ATI Technologies\ATI Control Panel;C:\Program Files\cvsnt;C:\Program Files\cdf31dist;C:\Program Files\cdf31dist\lib;C:\Program Files\Common Files\GTK\2.0\bin;C:\Program Files\Subversion\bin;C:\Program Files\Subversion\bin;C:\Program Files\QuickTime\QTSystem\;C:\Mercurial;C:\Program Files\SSH Communications Security\SSH Secure Shell;c:\cygwin\bin;c:\program files\cvsnt;C:\Program Files\Java\jdk1.5.0_07\bin
USERNAME=jbf
OS=Windows_NT
PROCESSOR_IDENTIFIER=x86 Family 15 Model 4 Stepping 7, GenuineIntel



---------------  S Y S T E M  ---------------

OS: Windows XP Build 2600 Service Pack 2

CPU:total 2 (2 cores per cpu, 1 threads per core) family 15 model 4 stepping 7, cmov, cx8, fxsr, mmx, sse, sse2, sse3

Memory: 4k page, physical 2097151k(2048776k free), swap 4194303k(3652496k free)

vm_info: Java HotSpot(TM) Client VM (1.6.0_03-b05) for windows-x86, built on Sep 24 2007 22:24:33 by "java_re" with unknown MS VC++:1310

