#
# An unexpected error has been detected by Java Runtime Environment:
#
#  EXCEPTION_ACCESS_VIOLATION (0xc0000005) at pc=0x6d937e6f, pid=1832, tid=5280
#
# Java VM: Java HotSpot(TM) Client VM (1.6.0-rc-b104 mixed mode)
# Problematic frame:
# V  [jvm.dll+0x177e6f]
#
# If you would like to submit a bug report, please visit:
#   http://java.sun.com/webapps/bugreport/crash.jsp
#

---------------  T H R E A D  ---------------

Current thread (0x4ba81000):  VMThread [id=5280]

siginfo: ExceptionCode=0xc0000005, reading address 0xb900f6c2

Registers:
EAX=0x48377bc8, EBX=0x0029cbf4, ECX=0x0029cbb8, EDX=0xb900f6b6
ESP=0x4bb5f824, EBP=0x0029cb68, ESI=0x47dc4be0, EDI=0x47dc4be0
EIP=0x6d937e6f, EFLAGS=0x00010297

Top of Stack: (sp=0x4bb5f824)
0x4bb5f824:   47dc4be0 6d7db7cb 47dc4be0 4bb5f874
0x4bb5f834:   4bb5f874 00000002 0029b940 6d861d41
0x4bb5f844:   47dc4c13 0029c9c0 6d861b11 0029cbb8
0x4bb5f854:   6d832873 4bb5f874 00000000 0029b998
0x4bb5f864:   47dc4c13 6d861957 4bb5f874 00000000
0x4bb5f874:   6d99cd2c 47dc4c13 00000000 6d85c623
0x4bb5f884:   47dc4c13 47dc4c13 00000000 4bb5f9a4
0x4bb5f894:   00000000 6d8fc563 47dc4c13 6d7dbe74 

Instructions: (pc=0x6d937e6f)
0x6d937e5f:   cc 8b 41 34 56 8b 74 24 08 3b f0 73 38 8b 56 04
0x6d937e6f:   8b 42 0c 83 c2 08 85 c0 7f 33 7d 1d 83 c9 ff 2b 


Stack: [0x4bb10000,0x4bb60000),  sp=0x4bb5f824,  free space=318k
Native frames: (J=compiled Java code, j=interpreted, Vv=VM code, C=native code)
V  [jvm.dll+0x177e6f]

VM_Operation (0x4c86f410): generation collection for allocation, mode: safepoint, requested by thread 0x4baf7000


---------------  P R O C E S S  ---------------

Java Threads: ( => current thread )
  0x4bfd6400 
[error occurred during error reporting, step 170, id 0xc0000005]

VM state:at safepoint (normal execution)

VM Mutex/Monitor currently owned by a thread:  ([mutex/lock_event])
[0x00296b78/0x00005718] Threads_lock - owner thread: 0x4ba81000
[0x00296d18/0x000056d8] Heap_lock - owner thread: 0x4baf7000

Heap
 def new generation   total 1024K, used 35K [0x02990000, 0x02aa0000, 0x07e20000)
  eden space 960K,   0% used [0x02990000, 0x02990000, 0x02a80000)
  from space 64K,  55% used [0x02a90000, 0x02a98e78, 0x02aa0000)
  to   space 64K,   0% used [0x02a80000, 0x02a80000, 0x02a90000)
 tenured generation   total 11972K, used 11876K [0x07e20000, 0x089d1000, 0x47590000)
   the space 11972K,  99% used [0x07e20000, 0x089b91c0, 0x08119200, 0x089d1000)
 compacting perm gen  total 14336K, used 14238K [0x47590000, 0x48390000, 0x4b590000)
   the space 14336K,  99% used [0x47590000, 0x48377bc8, 0x48376600, 0x48390000)
No shared spaces configured.

Dynamic libraries:
0x00400000 - 0x00423000 	C:\Program Files\Java\jdk1.6.0\jre\bin\java.exe
0x7c900000 - 0x7c9b0000 	C:\WINDOWS\system32\ntdll.dll
0x7c800000 - 0x7c8f5000 	C:\WINDOWS\system32\kernel32.dll
0x77dd0000 - 0x77e6b000 	C:\WINDOWS\system32\ADVAPI32.dll
0x77e70000 - 0x77f02000 	C:\WINDOWS\system32\RPCRT4.dll
0x77fe0000 - 0x77ff1000 	C:\WINDOWS\system32\Secur32.dll
0x7c340000 - 0x7c396000 	C:\Program Files\Java\jdk1.6.0\jre\bin\msvcr71.dll
0x6d7c0000 - 0x6da07000 	C:\Program Files\Java\jdk1.6.0\jre\bin\client\jvm.dll
0x7e410000 - 0x7e4a0000 	C:\WINDOWS\system32\USER32.dll
0x77f10000 - 0x77f57000 	C:\WINDOWS\system32\GDI32.dll
0x76b40000 - 0x76b6d000 	C:\WINDOWS\system32\WINMM.dll
0x76390000 - 0x763ad000 	C:\WINDOWS\system32\IMM32.DLL
0x629c0000 - 0x629c9000 	C:\WINDOWS\system32\LPK.DLL
0x74d90000 - 0x74dfb000 	C:\WINDOWS\system32\USP10.dll
0x77c10000 - 0x77c68000 	C:\WINDOWS\system32\msvcrt.dll
0x6d310000 - 0x6d318000 	C:\Program Files\Java\jdk1.6.0\jre\bin\hpi.dll
0x76bf0000 - 0x76bfb000 	C:\WINDOWS\system32\PSAPI.DLL
0x6d400000 - 0x6d429000 	C:\Program Files\Java\jdk1.6.0\jre\bin\jdwp.dll
0x6d6c0000 - 0x6d6c6000 	C:\Program Files\Java\jdk1.6.0\jre\bin\npt.dll
0x6d770000 - 0x6d77c000 	C:\Program Files\Java\jdk1.6.0\jre\bin\verify.dll
0x6d3b0000 - 0x6d3cf000 	C:\Program Files\Java\jdk1.6.0\jre\bin\java.dll
0x6d7b0000 - 0x6d7bf000 	C:\Program Files\Java\jdk1.6.0\jre\bin\zip.dll
0x6d280000 - 0x6d287000 	C:\Program Files\Java\jdk1.6.0\jre\bin\dt_socket.dll
0x71ab0000 - 0x71ac7000 	C:\WINDOWS\system32\WS2_32.dll
0x71aa0000 - 0x71aa8000 	C:\WINDOWS\system32\WS2HELP.dll
0x71a50000 - 0x71a8f000 	C:\WINDOWS\System32\mswsock.dll
0x76f20000 - 0x76f47000 	C:\WINDOWS\system32\DNSAPI.dll
0x76fb0000 - 0x76fb8000 	C:\WINDOWS\System32\winrnr.dll
0x76f60000 - 0x76f8c000 	C:\WINDOWS\system32\WLDAP32.dll
0x76fc0000 - 0x76fc6000 	C:\WINDOWS\system32\rasadhlp.dll
0x662b0000 - 0x66308000 	C:\WINDOWS\system32\hnetcfg.dll
0x71a90000 - 0x71a98000 	C:\WINDOWS\System32\wshtcpip.dll
0x6d000000 - 0x6d1c3000 	C:\Program Files\Java\jdk1.6.0\jre\bin\awt.dll
0x73000000 - 0x73026000 	C:\WINDOWS\system32\WINSPOOL.DRV
0x774e0000 - 0x7761d000 	C:\WINDOWS\system32\ole32.dll
0x4c520000 - 0x4c687000 	N:\nbprojects\virbo\VirboAutoplot\dllcdf.dll
0x4c6a0000 - 0x4c6ed000 	N:\nbprojects\virbo\VirboAutoplot\cdfNativeLibrary.dll
0x73760000 - 0x737a9000 	C:\WINDOWS\system32\ddraw.dll
0x73bc0000 - 0x73bc6000 	C:\WINDOWS\system32\DCIMAN32.dll
0x77b40000 - 0x77b62000 	C:\WINDOWS\system32\apphelp.dll
0x755c0000 - 0x755ee000 	C:\WINDOWS\system32\msctfime.ime
0x7c9c0000 - 0x7d1d6000 	C:\WINDOWS\system32\shell32.dll
0x77f60000 - 0x77fd6000 	C:\WINDOWS\system32\SHLWAPI.dll
0x773d0000 - 0x774d3000 	C:\WINDOWS\WinSxS\x86_Microsoft.Windows.Common-Controls_6595b64144ccf1df_6.0.2600.2982_x-ww_ac3f9c03\comctl32.dll
0x5d090000 - 0x5d12a000 	C:\WINDOWS\system32\comctl32.dll
0x6d2b0000 - 0x6d303000 	C:\Program Files\Java\jdk1.6.0\jre\bin\fontmanager.dll
0x6d220000 - 0x6d243000 	C:\Program Files\Java\jdk1.6.0\jre\bin\dcpr.dll
0x6d570000 - 0x6d583000 	C:\Program Files\Java\jdk1.6.0\jre\bin\net.dll
0x6d590000 - 0x6d599000 	C:\Program Files\Java\jdk1.6.0\jre\bin\nio.dll

VM Arguments:
jvm_args: -Xdebug -Xrunjdwp:transport=dt_socket,address=localhost:2651 -Xms10m -Xmx1100m -DcdfLib1=dllcdf -DcdfLib2=cdfNativeLibrary -Dautoplot.default.bookmarks=http://autoplot.org/default.bookmarks.xml -Dautoplot.default.recent=http://autoplot.org/default.recent.xml -Djava.util.logging.config.file=logging.properties
java_command: org.virbo.autoplot.JythonMain src/makePlots.jy
Launcher Type: SUN_STANDARD

Environment Variables:
CLASSPATH=.;C:\Program Files\cdf31dist\CDFToolsDriver.jar;C:\Program Files\cdf31dist\lib\cdfjava.jar;C:\Program Files\cdf31dist\cdfml\cdfml.jar;C:\Program Files\Java\jre1.6.0_03\lib\ext\QTJava.zip
PATH=C:\WINDOWS\system32;C:\WINDOWS;C:\WINDOWS\System32\Wbem;C:\Program Files\ATI Technologies\ATI Control Panel;C:\Program Files\cvsnt;C:\Program Files\cdf31dist;C:\Program Files\cdf31dist\lib;C:\Program Files\Common Files\GTK\2.0\bin;C:\Program Files\Subversion\bin;C:\Program Files\Subversion\bin;C:\Mercurial;C:\Program Files\ATI Technologies\ATI.ACE\Core-Static;C:\Program Files\QuickTime\QTSystem\;C:\Program Files\SSH Communications Security\SSH Secure Shell;c:\cygwin\bin;c:\program files\cvsnt;C:\Program Files\Java\jdk1.5.0_07\bin
USERNAME=jbf
OS=Windows_NT
PROCESSOR_IDENTIFIER=x86 Family 15 Model 4 Stepping 7, GenuineIntel



---------------  S Y S T E M  ---------------

OS: Windows XP Build 2600 Service Pack 2

CPU:total 2 family 15, cmov, cx8, fxsr, mmx, sse, sse2, ht

Memory: 4k page, physical 2097151k(1424560k free), swap 4194303k(2946464k free)

vm_info: Java HotSpot(TM) Client VM (1.6.0-rc-b104) for windows-x86, built on Nov  1 2006 00:43:22 by "java_re" with unknown MS VC++:1310

