#
# An unexpected error has been detected by HotSpot Virtual Machine:
#
#  EXCEPTION_ACCESS_VIOLATION (0xc0000005) at pc=0x6d0922d6, pid=2104, tid=3808
#
# Java VM: Java HotSpot(TM) Client VM (1.5.0_07-b03 mixed mode)
# Problematic frame:
# C  [awt.dll+0x222d6]
#

---------------  T H R E A D  ---------------

Current thread (0x475d0b18):  JavaThread "AWT-EventQueue-0" [_thread_in_native, id=3808]

siginfo: ExceptionCode=0xc0000005, writing address 0xe201241c

Registers:
EAX=0x02b4664c, EBX=0x00000080, ECX=0x00000020, EDX=0xe201241c
ESP=0x47a6f008, EBP=0x00000080, ESI=0x02b4664c, EDI=0xe201241c
EIP=0x6d0922d6, EFLAGS=0x00010202

Top of Stack: (sp=0x47a6f008)
0x47a6f008:   00000000 475d0bd8 6d18f2b8 00000000
0x47a6f018:   6d071a56 00000080 00000100 00000020
0x47a6f028:   00000007 47a6f118 47a6f0a0 6d18f2b8
0x47a6f038:   47a6f094 475d0b18 42ec3d28 47a6f1e0
0x47a6f048:   42ec3d28 473508b8 00000000 6d18f2b8
0x47a6f058:   00000000 473ff6f0 00000000 00000000
0x47a6f068:   00000020 00000007 00000000 00000000
0x47a6f078:   00000020 00000007 00000000 00000000 

Instructions: (pc=0x6d0922d6)
0x6d0922c6:   4c 24 14 8b 4c 24 14 8b f0 8b e9 8b fa c1 e9 02
0x6d0922d6:   f3 a5 8b cd 03 c3 83 e1 03 f3 a4 8b 74 24 18 8b 


Stack: [0x47a30000,0x47a70000),  sp=0x47a6f008,  free space=252k
Native frames: (J=compiled Java code, j=interpreted, Vv=VM code, C=native code)
C  [awt.dll+0x222d6]

[error occurred during error reporting, step 120, id 0xc0000005]

Java frames: (J=compiled Java code, j=interpreted, Vv=VM code)
j  sun.java2d.loops.Blit.Blit(Lsun/java2d/SurfaceData;Lsun/java2d/SurfaceData;Ljava/awt/Composite;Lsun/java2d/pipe/Region;IIIIII)V+0
j  sun.java2d.pipe.AlphaPaintPipe.renderPathTile(Ljava/lang/Object;[BIIIIII)V+367
j  sun.java2d.pipe.SpanShapeRenderer$Composite.renderBox(Ljava/lang/Object;IIII)V+15
j  sun.java2d.pipe.SpanShapeRenderer.renderRect(Lsun/java2d/SunGraphics2D;Ljava/awt/geom/Rectangle2D;)V+288
j  sun.java2d.pipe.SpanShapeRenderer.fill(Lsun/java2d/SunGraphics2D;Ljava/awt/Shape;)V+26
j  sun.java2d.pipe.PixelToShapeConverter.fillRect(Lsun/java2d/SunGraphics2D;IIII)V+18
j  sun.java2d.pipe.ValidatePipe.fillRect(Lsun/java2d/SunGraphics2D;IIII)V+19
j  sun.java2d.SunGraphics2D.fillRect(IIII)V+10
j  javax.swing.plaf.metal.MetalUtils$GradientPainter.drawVerticalGradient(Ljava/awt/Graphics2D;FFLjava/awt/Color;Ljava/awt/Color;Ljava/awt/Color;II)V+46
j  javax.swing.plaf.metal.MetalUtils$GradientPainter.paintToImage(Ljava/awt/Component;Ljava/awt/Graphics;II[Ljava/lang/Object;)V+99
j  javax.swing.plaf.metal.CachedPainter.paint(Ljava/awt/Component;Ljava/awt/Graphics;IIII[Ljava/lang/Object;)V+173
j  javax.swing.plaf.metal.MetalUtils$GradientPainter.paint(Ljava/awt/Component;Ljava/awt/Graphics2D;Ljava/util/List;IIIIZ)V+63
j  javax.swing.plaf.metal.MetalUtils.drawGradient(Ljava/awt/Component;Ljava/awt/Graphics;Ljava/lang/String;IIIIZ)Z+54
j  javax.swing.plaf.metal.MetalButtonUI.update(Ljava/awt/Graphics;Ljavax/swing/JComponent;)V+77
j  javax.swing.JComponent.paintComponent(Ljava/awt/Graphics;)V+26
j  javax.swing.plaf.metal.MetalComboBoxButton.paintComponent(Ljava/awt/Graphics;)V+10
j  javax.swing.JComponent.paint(Ljava/awt/Graphics;)V+260
j  javax.swing.JComponent.paintWithOffscreenBuffer(Ljavax/swing/JComponent;Ljava/awt/Graphics;IIIILjava/awt/Image;)V+174
j  javax.swing.JComponent.paintDoubleBuffered(Ljavax/swing/JComponent;Ljava/awt/Component;Ljava/awt/Graphics;IIII)Z+131
j  javax.swing.JComponent._paintImmediately(IIII)V+739
j  javax.swing.JComponent.paintImmediately(IIII)V+83
j  javax.swing.RepaintManager.paintDirtyRegions()V+314
j  javax.swing.SystemEventQueueUtilities$ComponentWorkRequest.run()V+32
j  java.awt.event.InvocationEvent.dispatch()V+47
j  java.awt.EventQueue.dispatchEvent(Ljava/awt/AWTEvent;)V+26
J  java.awt.EventDispatchThread.pumpOneEventForHierarchy(ILjava/awt/Component;)Z
v  ~RuntimeStub::alignment_frame_return Runtime1 stub
j  java.awt.EventDispatchThread.pumpEventsForHierarchy(ILjava/awt/Conditional;Ljava/awt/Component;)V+26
j  java.awt.EventDispatchThread.pumpEvents(ILjava/awt/Conditional;)V+4
j  java.awt.EventDispatchThread.pumpEvents(Ljava/awt/Conditional;)V+3
j  java.awt.EventDispatchThread.run()V+9
v  ~StubRoutines::call_stub

---------------  P R O C E S S  ---------------

Java Threads: ( => current thread )
  0x476093a8 JavaThread "RequestProcessor[0]" [_thread_blocked, id=2848]
  0x4766f6f0 JavaThread "TimerQueue" daemon [_thread_blocked, id=3980]
  0x00038930 JavaThread "DestroyJavaVM" [_thread_blocked, id=1616]
=>0x475d0b18 JavaThread "AWT-EventQueue-0" [_thread_in_native, id=3808]
  0x475b3e48 JavaThread "Java2D Disposer" daemon [_thread_blocked, id=1532]
  0x47573c78 JavaThread "AWT-Windows" daemon [_thread_in_native, id=4060]
  0x471967d8 JavaThread "AWT-Shutdown" [_thread_blocked, id=316]
  0x00a9f2e8 JavaThread "Low Memory Detector" daemon [_thread_blocked, id=2368]
  0x00a9da40 JavaThread "CompilerThread0" daemon [_thread_blocked, id=2828]
  0x00a9c9a0 JavaThread "Signal Dispatcher" daemon [_thread_blocked, id=2188]
  0x00a9a708 JavaThread "JDWP Command Reader" daemon [_thread_in_native, id=684]
  0x00a998c0 JavaThread "JDWP Event Helper Thread" daemon [_thread_blocked, id=1624]
  0x00039190 JavaThread "JDWP Transport Listener: dt_socket" daemon [_thread_blocked, id=1592]
  0x00a89760 JavaThread "Finalizer" daemon [_thread_blocked, id=2920]
  0x00a882c8 JavaThread "Reference Handler" daemon [_thread_blocked, id=604]

Other Threads:
  0x00a858a0 VMThread [id=3244]
  0x00a929e0 WatcherThread [id=1864]

VM state:not at safepoint (normal execution)

VM Mutex/Monitor currently owned by a thread: None

Heap
 def new generation   total 768K, used 494K [0x02ad0000, 0x02ba0000, 0x07990000)
  eden space 704K,  68% used [0x02ad0000, 0x02b48660, 0x02b80000)
  from space 64K,  19% used [0x02b80000, 0x02b831a8, 0x02b90000)
  to   space 64K,   0% used [0x02b90000, 0x02b90000, 0x02ba0000)
 tenured generation   total 9472K, used 5968K [0x07990000, 0x082d0000, 0x42ad0000)
   the space 9472K,  63% used [0x07990000, 0x07f64020, 0x07f64200, 0x082d0000)
 compacting perm gen  total 14592K, used 14582K [0x42ad0000, 0x43910000, 0x46ad0000)
   the space 14592K,  99% used [0x42ad0000, 0x4390db98, 0x4390dc00, 0x43910000)
No shared spaces configured.

Dynamic libraries:
0x00400000 - 0x0040d000 	C:\Program Files\Java\jdk1.5.0_07\bin\java.exe
0x7c900000 - 0x7c9b0000 	C:\WINDOWS\system32\ntdll.dll
0x7c800000 - 0x7c8f5000 	C:\WINDOWS\system32\kernel32.dll
0x77dd0000 - 0x77e6b000 	C:\WINDOWS\system32\ADVAPI32.dll
0x77e70000 - 0x77f02000 	C:\WINDOWS\system32\RPCRT4.dll
0x77fe0000 - 0x77ff1000 	C:\WINDOWS\system32\Secur32.dll
0x77c10000 - 0x77c68000 	C:\WINDOWS\system32\MSVCRT.dll
0x6d730000 - 0x6d8c7000 	C:\Program Files\Java\jdk1.5.0_07\jre\bin\client\jvm.dll
0x7e410000 - 0x7e4a0000 	C:\WINDOWS\system32\USER32.dll
0x77f10000 - 0x77f57000 	C:\WINDOWS\system32\GDI32.dll
0x76b40000 - 0x76b6d000 	C:\WINDOWS\system32\WINMM.dll
0x76390000 - 0x763ad000 	C:\WINDOWS\system32\IMM32.DLL
0x629c0000 - 0x629c9000 	C:\WINDOWS\system32\LPK.DLL
0x74d90000 - 0x74dfb000 	C:\WINDOWS\system32\USP10.dll
0x6d2f0000 - 0x6d2f8000 	C:\Program Files\Java\jdk1.5.0_07\jre\bin\hpi.dll
0x76bf0000 - 0x76bfb000 	C:\WINDOWS\system32\PSAPI.DLL
0x6d3f0000 - 0x6d425000 	C:\Program Files\Java\jdk1.5.0_07\jre\bin\jdwp.dll
0x6d700000 - 0x6d70c000 	C:\Program Files\Java\jdk1.5.0_07\jre\bin\verify.dll
0x6d370000 - 0x6d38d000 	C:\Program Files\Java\jdk1.5.0_07\jre\bin\java.dll
0x6d720000 - 0x6d72f000 	C:\Program Files\Java\jdk1.5.0_07\jre\bin\zip.dll
0x6d290000 - 0x6d297000 	C:\Program Files\Java\jdk1.5.0_07\jre\bin\dt_socket.dll
0x71ab0000 - 0x71ac7000 	C:\WINDOWS\system32\WS2_32.dll
0x71aa0000 - 0x71aa8000 	C:\WINDOWS\system32\WS2HELP.dll
0x71a50000 - 0x71a8f000 	C:\WINDOWS\System32\mswsock.dll
0x76f20000 - 0x76f47000 	C:\WINDOWS\system32\DNSAPI.dll
0x76fb0000 - 0x76fb8000 	C:\WINDOWS\System32\winrnr.dll
0x76f60000 - 0x76f8c000 	C:\WINDOWS\system32\WLDAP32.dll
0x76fc0000 - 0x76fc6000 	C:\WINDOWS\system32\rasadhlp.dll
0x662b0000 - 0x66308000 	C:\WINDOWS\system32\hnetcfg.dll
0x71a90000 - 0x71a98000 	C:\WINDOWS\System32\wshtcpip.dll
0x6d070000 - 0x6d1d7000 	C:\Program Files\Java\jdk1.5.0_07\jre\bin\awt.dll
0x73000000 - 0x73026000 	C:\WINDOWS\system32\WINSPOOL.DRV
0x774e0000 - 0x7761d000 	C:\WINDOWS\system32\ole32.dll
0x47760000 - 0x478c7000 	N:\nbprojects\virbo\VirboAutoplot\dllcdf.dll
0x478d0000 - 0x4791d000 	N:\nbprojects\virbo\VirboAutoplot\cdfNativeLibrary.dll
0x73760000 - 0x737a9000 	C:\WINDOWS\system32\ddraw.dll
0x73bc0000 - 0x73bc6000 	C:\WINDOWS\system32\DCIMAN32.dll
0x73940000 - 0x73a10000 	C:\WINDOWS\system32\D3DIM700.DLL
0x755c0000 - 0x755ee000 	C:\WINDOWS\system32\msctfime.ime
0x7c9c0000 - 0x7d1d6000 	C:\WINDOWS\system32\shell32.dll
0x77f60000 - 0x77fd6000 	C:\WINDOWS\system32\SHLWAPI.dll
0x773d0000 - 0x774d3000 	C:\WINDOWS\WinSxS\x86_Microsoft.Windows.Common-Controls_6595b64144ccf1df_6.0.2600.2982_x-ww_ac3f9c03\comctl32.dll
0x5d090000 - 0x5d12a000 	C:\WINDOWS\system32\comctl32.dll
0x6d2b0000 - 0x6d2ef000 	C:\Program Files\Java\jdk1.5.0_07\jre\bin\fontmanager.dll
0x6d230000 - 0x6d253000 	C:\Program Files\Java\jdk1.5.0_07\jre\bin\dcpr.dll
0x6d530000 - 0x6d543000 	C:\Program Files\Java\jdk1.5.0_07\jre\bin\net.dll
0x6d550000 - 0x6d559000 	C:\Program Files\Java\jdk1.5.0_07\jre\bin\nio.dll

VM Arguments:
jvm_args: -Xdebug -Xrunjdwp:transport=dt_socket,address=localhost:2000 -Xms10m -Xmx1024m -DcdfLib1=dllcdf -DcdfLib2=cdfNativeLibrary -Dautoplot.default.bookmarks=http://autoplot.org/default.bookmarks.xml -Dautoplot.default.recent=http://autoplot.org/default.recent.xml -Djava.util.logging.config.file=logging.properties
java_command: org.virbo.autoplot.AutoPlotMatisse
Launcher Type: SUN_STANDARD

Environment Variables:
CLASSPATH=.;C:\Program Files\cdf31dist\CDFToolsDriver.jar;C:\Program Files\cdf31dist\lib\cdfjava.jar;C:\Program Files\cdf31dist\cdfml\cdfml.jar;C:\Program Files\Java\jre1.6.0_03\lib\ext\QTJava.zip
PATH=C:\WINDOWS\system32;C:\WINDOWS;C:\WINDOWS\System32\Wbem;C:\Program Files\ATI Technologies\ATI Control Panel;C:\Program Files\cvsnt;C:\Program Files\cdf31dist;C:\Program Files\cdf31dist\lib;C:\Program Files\Common Files\GTK\2.0\bin;C:\Program Files\Subversion\bin;C:\Program Files\Subversion\bin;C:\Mercurial;C:\Program Files\QuickTime\QTSystem\;C:\Program Files\SSH Communications Security\SSH Secure Shell;c:\cygwin\bin;c:\program files\cvsnt;C:\Program Files\Java\jdk1.5.0_07\bin
USERNAME=jbf
OS=Windows_NT
PROCESSOR_IDENTIFIER=x86 Family 15 Model 4 Stepping 7, GenuineIntel



---------------  S Y S T E M  ---------------

OS: Windows XP Build 2600 Service Pack 2

CPU:total 2 family 15, cmov, cx8, fxsr, mmx, sse, sse2, ht

Memory: 4k page, physical 2097151k(2097151k free), swap 4194303k(3695492k free)

vm_info: Java HotSpot(TM) Client VM (1.5.0_07-b03) for windows-x86, built on May  3 2006 01:04:38 by "java_re" with MS VC++ 6.0

